Reading Layer Conversion File 
Reading DXF file...
NOTE: Replacing illegal character * with X in *D0.
NOTE: Replacing illegal character * with X in *D1.
NOTE: Replacing illegal character * with X in *D2.
NOTE: Replacing illegal character * with X in *D3.
NOTE: Replacing illegal character * with X in *D4.
NOTE: Replacing illegal character * with X in *D5.
NOTE: Replacing illegal character * with X in *D6.
NOTE: Replacing illegal character * with X in *D7.
NOTE: Replacing illegal character * with X in *D8.
NOTE: Replacing illegal character * with X in *D9.
NOTE: Replacing illegal character * with X in *D10.
NOTE: Replacing illegal character * with X in *D11.
NOTE: Replacing illegal character * with X in *D12.
NOTE: Replacing illegal character * with X in *D13.
NOTE: Replacing illegal character * with X in *D14.
NOTE: Replacing illegal character * with X in *D15.
NOTE: Replacing illegal character * with X in *D16.
NOTE: Replacing illegal character * with X in *D17.
NOTE: Replacing illegal character * with X in *D18.
NOTE: Replacing illegal character * with X in *D19.
NOTE: Replacing illegal character * with X in *D20.
NOTE: Replacing illegal character * with X in *D21.
NOTE: Replacing illegal character * with X in *D22.
NOTE: Replacing illegal character * with X in *D23.
NOTE: Replacing illegal character * with X in *D24.
NOTE: Replacing illegal character * with X in *D25.
NOTE: Replacing illegal character * with X in *D26.
NOTE: Replacing illegal character * with X in *D27.
NOTE: Replacing illegal character * with X in *D28.
NOTE: Replacing illegal character * with X in *D29.
NOTE: Replacing illegal character * with X in *D30.
NOTE: Replacing illegal character * with X in *D31.
NOTE: Replacing illegal character * with X in *D32.
NOTE: Replacing illegal character * with X in *D33.
NOTE: Replacing illegal character * with X in *D34.
NOTE: Replacing illegal character * with X in *D35.
NOTE: Replacing illegal character * with X in *D36.
NOTE: Replacing illegal character * with X in *D37.
NOTE: Replacing illegal character * with X in *D38.
NOTE: Replacing illegal character * with X in *D39.
NOTE: Replacing illegal character * with X in *D40.
NOTE: Replacing illegal character * with X in *D41.
NOTE: Replacing illegal character * with X in *D42.
NOTE: Replacing illegal character * with X in *D43.
NOTE: Replacing illegal character * with X in *D44.
NOTE: Replacing illegal character * with X in *D45.
NOTE: Replacing illegal character * with X in *D46.
NOTE: Replacing illegal character * with X in *D47.
NOTE: Replacing illegal character * with X in *D48.
NOTE: Replacing illegal character * with X in *D49.
NOTE: Replacing illegal character * with X in *D50.
NOTE: Replacing illegal character * with X in *D51.
NOTE: Replacing illegal character * with X in *D52.
NOTE: Replacing illegal character * with X in *D53.
NOTE: Replacing illegal character * with X in *D54.
NOTE: Replacing illegal character * with X in *D55.
NOTE: Replacing illegal character * with X in *D56.
NOTE: Replacing illegal character * with X in *D57.
NOTE: Replacing illegal character * with X in *D58.
NOTE: Replacing illegal character * with X in *D59.
NOTE: Replacing illegal character * with X in *D60.
NOTE: Replacing illegal character * with X in *D61.
NOTE: Replacing illegal character * with X in *D62.
NOTE: Replacing illegal character * with X in *D63.
NOTE: Replacing illegal character - with X in \U+5706_-_\U+76F4\U+5F84.
NOTE:  Truncating \U+6D4B\U+91CF\U+5DE5\U+5177 to 28 characters.
NOTE:  Truncating \U+5782\U+76F4\U+6D4B\U+91CF to 28 characters.
NOTE:  Truncating \U+53EF\U+5EF6\U+957F\U+7684\U+7EBF\U+6761 to 28 characters.
NOTE:  Truncating \U+57FA\U+51C6\U+7B26\U+53F7 to 28 characters.
NOTE:  Truncating \U+6C34\U+5E73\U+6D4B\U+91CF to 28 characters.
NOTE: Replacing illegal character * with X in *D0.
NOTE: Replacing illegal character * with X in *D1.
NOTE: Replacing illegal character * with X in *D2.
NOTE: Replacing illegal character * with X in *D3.
NOTE: Replacing illegal character * with X in *D4.
NOTE: Replacing illegal character * with X in *D5.
NOTE: Replacing illegal character * with X in *D6.
NOTE: Replacing illegal character * with X in *D7.
NOTE: Replacing illegal character * with X in *D8.
NOTE: Replacing illegal character * with X in *D9.
NOTE: Replacing illegal character * with X in *D10.
NOTE: Replacing illegal character * with X in *D11.
NOTE: Replacing illegal character * with X in *D12.
NOTE: Replacing illegal character * with X in *D13.
NOTE: Replacing illegal character * with X in *D14.
NOTE: Replacing illegal character * with X in *D15.
NOTE: Replacing illegal character * with X in *D16.
NOTE: Replacing illegal character * with X in *D17.
NOTE: Replacing illegal character * with X in *D18.
NOTE: Replacing illegal character * with X in *D19.
NOTE: Replacing illegal character * with X in *D20.
NOTE: Replacing illegal character * with X in *D21.
NOTE: Replacing illegal character * with X in *D22.
NOTE: Replacing illegal character * with X in *D23.
NOTE: Replacing illegal character * with X in *D24.
NOTE: Replacing illegal character * with X in *D25.
NOTE: Replacing illegal character * with X in *D26.
NOTE: Replacing illegal character * with X in *D27.
NOTE: Replacing illegal character * with X in *D28.
NOTE: Replacing illegal character * with X in *D29.
NOTE: Replacing illegal character * with X in *D30.
NOTE: Replacing illegal character * with X in *D31.
NOTE: Replacing illegal character * with X in *D32.
NOTE: Replacing illegal character * with X in *D33.
NOTE: Replacing illegal character * with X in *D34.
NOTE: Replacing illegal character * with X in *D35.
NOTE: Replacing illegal character * with X in *D36.
NOTE: Replacing illegal character * with X in *D37.
NOTE: Replacing illegal character * with X in *D38.
NOTE: Replacing illegal character * with X in *D39.
NOTE: Replacing illegal character * with X in *D40.
NOTE: Replacing illegal character * with X in *D41.
NOTE: Replacing illegal character * with X in *D42.
NOTE: Replacing illegal character * with X in *D43.
NOTE: Replacing illegal character * with X in *D44.
NOTE: Replacing illegal character * with X in *D45.
NOTE: Replacing illegal character * with X in *D46.
NOTE: Replacing illegal character * with X in *D47.
NOTE: Replacing illegal character * with X in *D48.
NOTE: Replacing illegal character * with X in *D49.
NOTE: Replacing illegal character * with X in *D50.
NOTE: Replacing illegal character * with X in *D51.
NOTE: Replacing illegal character * with X in *D52.
NOTE: Replacing illegal character * with X in *D53.
NOTE: Replacing illegal character * with X in *D54.
NOTE: Replacing illegal character * with X in *D55.
NOTE: Replacing illegal character * with X in *D56.
NOTE: Replacing illegal character * with X in *D57.
NOTE: Replacing illegal character * with X in *D58.
NOTE: Replacing illegal character * with X in *D59.
NOTE: Replacing illegal character * with X in *D60.
NOTE: Replacing illegal character * with X in *D61.
NOTE: Replacing illegal character * with X in *D62.
NOTE: Replacing illegal character * with X in *D63.
done.
NOTE: Ignoring unsupported element MTEXT on line 24428.
NOTE: Ignoring unsupported element MTEXT on line 24456.
NOTE: Ignoring unsupported element HATCH on line 24522.

ERROR: ERROR(SPMHA1-273): Shape intersects with itself.
ERROR: Failed to add (LW)POLYLINE
  on BOARD GEOMETRY / DXF
  LWPOLYLINE on line number 2714

ERROR: ERROR(SPMHA1-273): Shape intersects with itself.
ERROR: Failed to add (LW)POLYLINE
  on BOARD GEOMETRY / DXF
  LWPOLYLINE on line number 2738
NOTE: Ignoring unsupported element POINT on line 2810.
NOTE: Ignoring unsupported element POINT on line 2826.
NOTE: Ignoring unsupported element POINT on line 2842.
NOTE: Ignoring unsupported element MTEXT on line 24708.
NOTE: Ignoring unsupported element MTEXT on line 24770.
NOTE: Ignoring unsupported element MTEXT on line 24832.

ERROR: ERROR(SPMHA1-273): Shape intersects with itself.
ERROR: Failed to add (LW)POLYLINE
  on BOARD GEOMETRY / DXF
  LWPOLYLINE on line number 2994

ERROR: ERROR(SPMHA1-273): Shape intersects with itself.
ERROR: Failed to add (LW)POLYLINE
  on BOARD GEOMETRY / DXF
  LWPOLYLINE on line number 3018
NOTE: Ignoring unsupported element POINT on line 3090.
NOTE: Ignoring unsupported element POINT on line 3106.
NOTE: Ignoring unsupported element POINT on line 3122.
NOTE: Ignoring unsupported element HATCH on line 24982.
NOTE: Ignoring unsupported element MTEXT on line 25054.

ERROR: ERROR(SPMHA1-273): Shape intersects with itself.
ERROR: Failed to add (LW)POLYLINE
  on BOARD GEOMETRY / DXF
  LWPOLYLINE on line number 3268

ERROR: ERROR(SPMHA1-273): Shape intersects with itself.
ERROR: Failed to add (LW)POLYLINE
  on BOARD GEOMETRY / DXF
  LWPOLYLINE on line number 3292
NOTE: Ignoring unsupported element POINT on line 3364.
NOTE: Ignoring unsupported element POINT on line 3380.
NOTE: Ignoring unsupported element POINT on line 3396.

ERROR: ERROR(SPMHA1-273): Shape intersects with itself.
ERROR: Failed to add (LW)POLYLINE
  on BOARD GEOMETRY / DXF
  LWPOLYLINE on line number 3542

ERROR: ERROR(SPMHA1-273): Shape intersects with itself.
ERROR: Failed to add (LW)POLYLINE
  on BOARD GEOMETRY / DXF
  LWPOLYLINE on line number 3566
NOTE: Ignoring unsupported element POINT on line 3638.
NOTE: Ignoring unsupported element POINT on line 3654.
NOTE: Ignoring unsupported element POINT on line 3670.
NOTE: Ignoring unsupported element MTEXT on line 25286.

ERROR: ERROR(SPMHA1-273): Shape intersects with itself.
ERROR: Failed to add (LW)POLYLINE
  on BOARD GEOMETRY / DXF
  LWPOLYLINE on line number 3822

ERROR: ERROR(SPMHA1-273): Shape intersects with itself.
ERROR: Failed to add (LW)POLYLINE
  on BOARD GEOMETRY / DXF
  LWPOLYLINE on line number 3846
NOTE: Ignoring unsupported element POINT on line 3894.
NOTE: Ignoring unsupported element POINT on line 3910.
NOTE: Ignoring unsupported element HATCH on line 25430.
NOTE: Ignoring unsupported element MTEXT on line 25498.

ERROR: ERROR(SPMHA1-273): Shape intersects with itself.
ERROR: Failed to add (LW)POLYLINE
  on BOARD GEOMETRY / DXF
  LWPOLYLINE on line number 4028

ERROR: ERROR(SPMHA1-273): Shape intersects with itself.
ERROR: Failed to add (LW)POLYLINE
  on BOARD GEOMETRY / DXF
  LWPOLYLINE on line number 4052
NOTE: Ignoring unsupported element POINT on line 4124.
NOTE: Ignoring unsupported element POINT on line 4140.
NOTE: Ignoring unsupported element POINT on line 4156.

ERROR: ERROR(SPMHA1-273): Shape intersects with itself.
ERROR: Failed to add (LW)POLYLINE
  on BOARD GEOMETRY / DXF
  LWPOLYLINE on line number 4302

ERROR: ERROR(SPMHA1-273): Shape intersects with itself.
ERROR: Failed to add (LW)POLYLINE
  on BOARD GEOMETRY / DXF
  LWPOLYLINE on line number 4326
NOTE: Ignoring unsupported element POINT on line 4398.
NOTE: Ignoring unsupported element POINT on line 4414.
NOTE: Ignoring unsupported element POINT on line 4430.

ERROR: ERROR(SPMHA1-273): Shape intersects with itself.
ERROR: Failed to add (LW)POLYLINE
  on BOARD GEOMETRY / DXF
  LWPOLYLINE on line number 4582

ERROR: ERROR(SPMHA1-273): Shape intersects with itself.
ERROR: Failed to add (LW)POLYLINE
  on BOARD GEOMETRY / DXF
  LWPOLYLINE on line number 4606
NOTE: Ignoring unsupported element POINT on line 4678.
NOTE: Ignoring unsupported element POINT on line 4694.
NOTE: Ignoring unsupported element POINT on line 4710.
NOTE: Ignoring unsupported element HATCH on line 25820.
NOTE: Ignoring unsupported element MTEXT on line 25886.

ERROR: ERROR(SPMHA1-273): Shape intersects with itself.
ERROR: Failed to add (LW)POLYLINE
  on BOARD GEOMETRY / DXF
  LWPOLYLINE on line number 4862

ERROR: ERROR(SPMHA1-273): Shape intersects with itself.
ERROR: Failed to add (LW)POLYLINE
  on BOARD GEOMETRY / DXF
  LWPOLYLINE on line number 4886
NOTE: Ignoring unsupported element POINT on line 4958.
NOTE: Ignoring unsupported element POINT on line 4974.
NOTE: Ignoring unsupported element POINT on line 4990.

ERROR: ERROR(SPMHA1-273): Shape intersects with itself.
ERROR: Failed to add (LW)POLYLINE
  on BOARD GEOMETRY / DXF
  LWPOLYLINE on line number 5142

ERROR: ERROR(SPMHA1-273): Shape intersects with itself.
ERROR: Failed to add (LW)POLYLINE
  on BOARD GEOMETRY / DXF
  LWPOLYLINE on line number 5166
NOTE: Ignoring unsupported element POINT on line 5238.
NOTE: Ignoring unsupported element POINT on line 5254.
NOTE: Ignoring unsupported element POINT on line 5270.
NOTE: Ignoring unsupported element HATCH on line 26122.
NOTE: Ignoring unsupported element MTEXT on line 26188.

ERROR: ERROR(SPMHA1-273): Shape intersects with itself.
ERROR: Failed to add (LW)POLYLINE
  on BOARD GEOMETRY / DXF
  LWPOLYLINE on line number 5416

ERROR: ERROR(SPMHA1-273): Shape intersects with itself.
ERROR: Failed to add (LW)POLYLINE
  on BOARD GEOMETRY / DXF
  LWPOLYLINE on line number 5440
NOTE: Ignoring unsupported element POINT on line 5512.
NOTE: Ignoring unsupported element POINT on line 5528.
NOTE: Ignoring unsupported element POINT on line 5544.

ERROR: ERROR(SPMHA1-273): Shape intersects with itself.
ERROR: Failed to add (LW)POLYLINE
  on BOARD GEOMETRY / DXF
  LWPOLYLINE on line number 5690

ERROR: ERROR(SPMHA1-273): Shape intersects with itself.
ERROR: Failed to add (LW)POLYLINE
  on BOARD GEOMETRY / DXF
  LWPOLYLINE on line number 5714
NOTE: Ignoring unsupported element POINT on line 5786.
NOTE: Ignoring unsupported element POINT on line 5802.
NOTE: Ignoring unsupported element POINT on line 5818.

ERROR: ERROR(SPMHA1-273): Shape intersects with itself.
ERROR: Failed to add (LW)POLYLINE
  on BOARD GEOMETRY / DXF
  LWPOLYLINE on line number 5970

ERROR: ERROR(SPMHA1-273): Shape intersects with itself.
ERROR: Failed to add (LW)POLYLINE
  on BOARD GEOMETRY / DXF
  LWPOLYLINE on line number 5994
NOTE: Ignoring unsupported element POINT on line 6066.
NOTE: Ignoring unsupported element POINT on line 6082.
NOTE: Ignoring unsupported element POINT on line 6098.
NOTE: Ignoring unsupported element HATCH on line 26508.
NOTE: Ignoring unsupported element MTEXT on line 26574.

ERROR: ERROR(SPMHA1-273): Shape intersects with itself.
ERROR: Failed to add (LW)POLYLINE
  on BOARD GEOMETRY / DXF
  LWPOLYLINE on line number 6244

ERROR: ERROR(SPMHA1-273): Shape intersects with itself.
ERROR: Failed to add (LW)POLYLINE
  on BOARD GEOMETRY / DXF
  LWPOLYLINE on line number 6268
NOTE: Ignoring unsupported element POINT on line 6340.
NOTE: Ignoring unsupported element POINT on line 6356.
NOTE: Ignoring unsupported element POINT on line 6372.

ERROR: ERROR(SPMHA1-273): Shape intersects with itself.
ERROR: Failed to add (LW)POLYLINE
  on BOARD GEOMETRY / DXF
  LWPOLYLINE on line number 6518

ERROR: ERROR(SPMHA1-273): Shape intersects with itself.
ERROR: Failed to add (LW)POLYLINE
  on BOARD GEOMETRY / DXF
  LWPOLYLINE on line number 6542
NOTE: Ignoring unsupported element POINT on line 6614.
NOTE: Ignoring unsupported element POINT on line 6630.
NOTE: Ignoring unsupported element POINT on line 6646.
NOTE: Ignoring unsupported element HATCH on line 26810.
NOTE: Ignoring unsupported element MTEXT on line 26876.

ERROR: ERROR(SPMHA1-273): Shape intersects with itself.
ERROR: Failed to add (LW)POLYLINE
  on BOARD GEOMETRY / DXF
  LWPOLYLINE on line number 6798

ERROR: ERROR(SPMHA1-273): Shape intersects with itself.
ERROR: Failed to add (LW)POLYLINE
  on BOARD GEOMETRY / DXF
  LWPOLYLINE on line number 6822
NOTE: Ignoring unsupported element POINT on line 6894.
NOTE: Ignoring unsupported element POINT on line 6910.
NOTE: Ignoring unsupported element POINT on line 6926.

ERROR: ERROR(SPMHA1-273): Shape intersects with itself.
ERROR: Failed to add (LW)POLYLINE
  on BOARD GEOMETRY / DXF
  LWPOLYLINE on line number 7072

ERROR: ERROR(SPMHA1-273): Shape intersects with itself.
ERROR: Failed to add (LW)POLYLINE
  on BOARD GEOMETRY / DXF
  LWPOLYLINE on line number 7096
NOTE: Ignoring unsupported element POINT on line 7168.
NOTE: Ignoring unsupported element POINT on line 7184.
NOTE: Ignoring unsupported element POINT on line 7200.
NOTE: Ignoring unsupported element HATCH on line 27108.
NOTE: Ignoring unsupported element MTEXT on line 27170.

ERROR: ERROR(SPMHA1-273): Shape intersects with itself.
ERROR: Failed to add (LW)POLYLINE
  on BOARD GEOMETRY / DXF
  LWPOLYLINE on line number 7352

ERROR: ERROR(SPMHA1-273): Shape intersects with itself.
ERROR: Failed to add (LW)POLYLINE
  on BOARD GEOMETRY / DXF
  LWPOLYLINE on line number 7376
NOTE: Ignoring unsupported element POINT on line 7424.
NOTE: Ignoring unsupported element POINT on line 7440.
NOTE: Ignoring unsupported element HATCH on line 27310.
NOTE: Ignoring unsupported element MTEXT on line 27372.
NOTE: Ignoring unsupported element HATCH on line 27438.
NOTE: Ignoring unsupported element MTEXT on line 27504.

ERROR: ERROR(SPMHA1-273): Shape intersects with itself.
ERROR: Failed to add (LW)POLYLINE
  on BOARD GEOMETRY / DXF
  LWPOLYLINE on line number 7558

ERROR: ERROR(SPMHA1-273): Shape intersects with itself.
ERROR: Failed to add (LW)POLYLINE
  on BOARD GEOMETRY / DXF
  LWPOLYLINE on line number 7582
NOTE: Ignoring unsupported element POINT on line 7654.
NOTE: Ignoring unsupported element POINT on line 7670.
NOTE: Ignoring unsupported element POINT on line 7686.

ERROR: ERROR(SPMHA1-273): Shape intersects with itself.
ERROR: Failed to add (LW)POLYLINE
  on BOARD GEOMETRY / DXF
  LWPOLYLINE on line number 7832

ERROR: ERROR(SPMHA1-273): Shape intersects with itself.
ERROR: Failed to add (LW)POLYLINE
  on BOARD GEOMETRY / DXF
  LWPOLYLINE on line number 7856
NOTE: Ignoring unsupported element POINT on line 7928.
NOTE: Ignoring unsupported element POINT on line 7944.
NOTE: Ignoring unsupported element POINT on line 7960.

ERROR: ERROR(SPMHA1-273): Shape intersects with itself.
ERROR: Failed to add (LW)POLYLINE
  on BOARD GEOMETRY / DXF
  LWPOLYLINE on line number 8112

ERROR: ERROR(SPMHA1-273): Shape intersects with itself.
ERROR: Failed to add (LW)POLYLINE
  on BOARD GEOMETRY / DXF
  LWPOLYLINE on line number 8136
NOTE: Ignoring unsupported element POINT on line 8208.
NOTE: Ignoring unsupported element POINT on line 8224.
NOTE: Ignoring unsupported element POINT on line 8240.
NOTE: Ignoring unsupported element HATCH on line 27826.
NOTE: Ignoring unsupported element MTEXT on line 27892.

ERROR: ERROR(SPMHA1-273): Shape intersects with itself.
ERROR: Failed to add (LW)POLYLINE
  on BOARD GEOMETRY / DXF
  LWPOLYLINE on line number 8392

ERROR: ERROR(SPMHA1-273): Shape intersects with itself.
ERROR: Failed to add (LW)POLYLINE
  on BOARD GEOMETRY / DXF
  LWPOLYLINE on line number 8416
NOTE: Ignoring unsupported element POINT on line 8488.
NOTE: Ignoring unsupported element POINT on line 8504.
NOTE: Ignoring unsupported element POINT on line 8520.

ERROR: ERROR(SPMHA1-273): Shape intersects with itself.
ERROR: Failed to add (LW)POLYLINE
  on BOARD GEOMETRY / DXF
  LWPOLYLINE on line number 8672

ERROR: ERROR(SPMHA1-273): Shape intersects with itself.
ERROR: Failed to add (LW)POLYLINE
  on BOARD GEOMETRY / DXF
  LWPOLYLINE on line number 8696
NOTE: Ignoring unsupported element POINT on line 8768.
NOTE: Ignoring unsupported element POINT on line 8784.
NOTE: Ignoring unsupported element POINT on line 8800.
NOTE: Ignoring unsupported element HATCH on line 28128.
NOTE: Ignoring unsupported element MTEXT on line 28194.

ERROR: ERROR(SPMHA1-273): Shape intersects with itself.
ERROR: Failed to add (LW)POLYLINE
  on BOARD GEOMETRY / DXF
  LWPOLYLINE on line number 8946

ERROR: ERROR(SPMHA1-273): Shape intersects with itself.
ERROR: Failed to add (LW)POLYLINE
  on BOARD GEOMETRY / DXF
  LWPOLYLINE on line number 8970
NOTE: Ignoring unsupported element POINT on line 9042.
NOTE: Ignoring unsupported element POINT on line 9058.
NOTE: Ignoring unsupported element POINT on line 9074.

ERROR: ERROR(SPMHA1-273): Shape intersects with itself.
ERROR: Failed to add (LW)POLYLINE
  on BOARD GEOMETRY / DXF
  LWPOLYLINE on line number 9226

ERROR: ERROR(SPMHA1-273): Shape intersects with itself.
ERROR: Failed to add (LW)POLYLINE
  on BOARD GEOMETRY / DXF
  LWPOLYLINE on line number 9250
NOTE: Ignoring unsupported element POINT on line 9322.
NOTE: Ignoring unsupported element POINT on line 9338.
NOTE: Ignoring unsupported element POINT on line 9354.
NOTE: Ignoring unsupported element HATCH on line 28430.
NOTE: Ignoring unsupported element MTEXT on line 28496.

ERROR: ERROR(SPMHA1-273): Shape intersects with itself.
ERROR: Failed to add (LW)POLYLINE
  on BOARD GEOMETRY / DXF
  LWPOLYLINE on line number 9500

ERROR: ERROR(SPMHA1-273): Shape intersects with itself.
ERROR: Failed to add (LW)POLYLINE
  on BOARD GEOMETRY / DXF
  LWPOLYLINE on line number 9524
NOTE: Ignoring unsupported element POINT on line 9596.
NOTE: Ignoring unsupported element POINT on line 9612.
NOTE: Ignoring unsupported element POINT on line 9628.

ERROR: ERROR(SPMHA1-273): Shape intersects with itself.
ERROR: Failed to add (LW)POLYLINE
  on BOARD GEOMETRY / DXF
  LWPOLYLINE on line number 9780

ERROR: ERROR(SPMHA1-273): Shape intersects with itself.
ERROR: Failed to add (LW)POLYLINE
  on BOARD GEOMETRY / DXF
  LWPOLYLINE on line number 9804
NOTE: Ignoring unsupported element POINT on line 9876.
NOTE: Ignoring unsupported element POINT on line 9892.
NOTE: Ignoring unsupported element POINT on line 9908.
NOTE: Ignoring unsupported element HATCH on line 28732.
NOTE: Ignoring unsupported element MTEXT on line 28798.

ERROR: ERROR(SPMHA1-273): Shape intersects with itself.
ERROR: Failed to add (LW)POLYLINE
  on BOARD GEOMETRY / DXF
  LWPOLYLINE on line number 10054

ERROR: ERROR(SPMHA1-273): Shape intersects with itself.
ERROR: Failed to add (LW)POLYLINE
  on BOARD GEOMETRY / DXF
  LWPOLYLINE on line number 10078
NOTE: Ignoring unsupported element POINT on line 10150.
NOTE: Ignoring unsupported element POINT on line 10166.
NOTE: Ignoring unsupported element POINT on line 10182.

ERROR: ERROR(SPMHA1-273): Shape intersects with itself.
ERROR: Failed to add (LW)POLYLINE
  on BOARD GEOMETRY / DXF
  LWPOLYLINE on line number 10334

ERROR: ERROR(SPMHA1-273): Shape intersects with itself.
ERROR: Failed to add (LW)POLYLINE
  on BOARD GEOMETRY / DXF
  LWPOLYLINE on line number 10358
NOTE: Ignoring unsupported element POINT on line 10430.
NOTE: Ignoring unsupported element POINT on line 10446.
NOTE: Ignoring unsupported element POINT on line 10462.

ERROR: ERROR(SPMHA1-273): Shape intersects with itself.
ERROR: Failed to add (LW)POLYLINE
  on BOARD GEOMETRY / DXF
  LWPOLYLINE on line number 10608

ERROR: ERROR(SPMHA1-273): Shape intersects with itself.
ERROR: Failed to add (LW)POLYLINE
  on BOARD GEOMETRY / DXF
  LWPOLYLINE on line number 10632

ERROR: ERROR(SPMHA1-273): Shape intersects with itself.
ERROR: Failed to add (LW)POLYLINE
  on BOARD GEOMETRY / DXF
  LWPOLYLINE on line number 10704
NOTE: Ignoring unsupported element POINT on line 10728.
NOTE: Ignoring unsupported element POINT on line 10744.
NOTE: Ignoring unsupported element POINT on line 10760.

ERROR: ERROR(SPMHA1-273): Shape intersects with itself.
ERROR: Failed to add (LW)POLYLINE
  on BOARD GEOMETRY / DXF
  LWPOLYLINE on line number 10906

ERROR: ERROR(SPMHA1-273): Shape intersects with itself.
ERROR: Failed to add (LW)POLYLINE
  on BOARD GEOMETRY / DXF
  LWPOLYLINE on line number 10930

ERROR: ERROR(SPMHA1-273): Shape intersects with itself.
ERROR: Failed to add (LW)POLYLINE
  on BOARD GEOMETRY / DXF
  LWPOLYLINE on line number 11002
NOTE: Ignoring unsupported element POINT on line 11026.
NOTE: Ignoring unsupported element POINT on line 11042.
NOTE: Ignoring unsupported element POINT on line 11058.

ERROR: ERROR(SPMHA1-273): Shape intersects with itself.
ERROR: Failed to add (LW)POLYLINE
  on BOARD GEOMETRY / DXF
  LWPOLYLINE on line number 11210

ERROR: ERROR(SPMHA1-273): Shape intersects with itself.
ERROR: Failed to add (LW)POLYLINE
  on BOARD GEOMETRY / DXF
  LWPOLYLINE on line number 11234
NOTE: Ignoring unsupported element POINT on line 11306.
NOTE: Ignoring unsupported element POINT on line 11322.
NOTE: Ignoring unsupported element POINT on line 11338.

ERROR: ERROR(SPMHA1-273): Shape intersects with itself.
ERROR: Failed to add (LW)POLYLINE
  on BOARD GEOMETRY / DXF
  LWPOLYLINE on line number 11484

ERROR: ERROR(SPMHA1-273): Shape intersects with itself.
ERROR: Failed to add (LW)POLYLINE
  on BOARD GEOMETRY / DXF
  LWPOLYLINE on line number 11508

ERROR: ERROR(SPMHA1-273): Shape intersects with itself.
ERROR: Failed to add (LW)POLYLINE
  on BOARD GEOMETRY / DXF
  LWPOLYLINE on line number 11580
NOTE: Ignoring unsupported element POINT on line 11604.
NOTE: Ignoring unsupported element POINT on line 11620.
NOTE: Ignoring unsupported element POINT on line 11636.

ERROR: ERROR(SPMHA1-273): Shape intersects with itself.
ERROR: Failed to add (LW)POLYLINE
  on BOARD GEOMETRY / DXF
  LWPOLYLINE on line number 11782

ERROR: ERROR(SPMHA1-273): Shape intersects with itself.
ERROR: Failed to add (LW)POLYLINE
  on BOARD GEOMETRY / DXF
  LWPOLYLINE on line number 11806

ERROR: ERROR(SPMHA1-273): Shape intersects with itself.
ERROR: Failed to add (LW)POLYLINE
  on BOARD GEOMETRY / DXF
  LWPOLYLINE on line number 11878
NOTE: Ignoring unsupported element POINT on line 11902.
NOTE: Ignoring unsupported element POINT on line 11918.
NOTE: Ignoring unsupported element POINT on line 11934.

ERROR: ERROR(SPMHA1-273): Shape intersects with itself.
ERROR: Failed to add (LW)POLYLINE
  on BOARD GEOMETRY / DXF
  LWPOLYLINE on line number 12086

ERROR: ERROR(SPMHA1-273): Shape intersects with itself.
ERROR: Failed to add (LW)POLYLINE
  on BOARD GEOMETRY / DXF
  LWPOLYLINE on line number 12110
NOTE: Ignoring unsupported element POINT on line 12182.
NOTE: Ignoring unsupported element POINT on line 12198.
NOTE: Ignoring unsupported element POINT on line 12214.

ERROR: ERROR(SPMHA1-273): Shape intersects with itself.
ERROR: Failed to add (LW)POLYLINE
  on BOARD GEOMETRY / DXF
  LWPOLYLINE on line number 12360

ERROR: ERROR(SPMHA1-273): Shape intersects with itself.
ERROR: Failed to add (LW)POLYLINE
  on BOARD GEOMETRY / DXF
  LWPOLYLINE on line number 12384
NOTE: Ignoring unsupported element POINT on line 12456.
NOTE: Ignoring unsupported element POINT on line 12472.
NOTE: Ignoring unsupported element POINT on line 12488.

ERROR: ERROR(SPMHA1-273): Shape intersects with itself.
ERROR: Failed to add (LW)POLYLINE
  on BOARD GEOMETRY / DXF
  LWPOLYLINE on line number 12640

ERROR: ERROR(SPMHA1-273): Shape intersects with itself.
ERROR: Failed to add (LW)POLYLINE
  on BOARD GEOMETRY / DXF
  LWPOLYLINE on line number 12712
NOTE: Ignoring unsupported element POINT on line 12736.
NOTE: Ignoring unsupported element POINT on line 12752.
NOTE: Ignoring unsupported element POINT on line 12768.

ERROR: ERROR(SPMHA1-273): Shape intersects with itself.
ERROR: Failed to add (LW)POLYLINE
  on BOARD GEOMETRY / DXF
  LWPOLYLINE on line number 12920

ERROR: ERROR(SPMHA1-273): Shape intersects with itself.
ERROR: Failed to add (LW)POLYLINE
  on BOARD GEOMETRY / DXF
  LWPOLYLINE on line number 12944
NOTE: Ignoring unsupported element POINT on line 13016.
NOTE: Ignoring unsupported element POINT on line 13032.
NOTE: Ignoring unsupported element POINT on line 13048.

ERROR: ERROR(SPMHA1-273): Shape intersects with itself.
ERROR: Failed to add (LW)POLYLINE
  on BOARD GEOMETRY / DXF
  LWPOLYLINE on line number 13194

ERROR: ERROR(SPMHA1-273): Shape intersects with itself.
ERROR: Failed to add (LW)POLYLINE
  on BOARD GEOMETRY / DXF
  LWPOLYLINE on line number 13218
NOTE: Ignoring unsupported element POINT on line 13290.
NOTE: Ignoring unsupported element POINT on line 13306.
NOTE: Ignoring unsupported element POINT on line 13322.

ERROR: ERROR(SPMHA1-273): Shape intersects with itself.
ERROR: Failed to add (LW)POLYLINE
  on BOARD GEOMETRY / DXF
  LWPOLYLINE on line number 13474

ERROR: ERROR(SPMHA1-273): Shape intersects with itself.
ERROR: Failed to add (LW)POLYLINE
  on BOARD GEOMETRY / DXF
  LWPOLYLINE on line number 13498
NOTE: Ignoring unsupported element POINT on line 13570.
NOTE: Ignoring unsupported element POINT on line 13586.
NOTE: Ignoring unsupported element POINT on line 13602.

ERROR: ERROR(SPMHA1-273): Shape intersects with itself.
ERROR: Failed to add (LW)POLYLINE
  on BOARD GEOMETRY / DXF
  LWPOLYLINE on line number 13754

ERROR: ERROR(SPMHA1-273): Shape intersects with itself.
ERROR: Failed to add (LW)POLYLINE
  on BOARD GEOMETRY / DXF
  LWPOLYLINE on line number 13826
NOTE: Ignoring unsupported element POINT on line 13850.
NOTE: Ignoring unsupported element POINT on line 13866.
NOTE: Ignoring unsupported element POINT on line 13882.

ERROR: ERROR(SPMHA1-273): Shape intersects with itself.
ERROR: Failed to add (LW)POLYLINE
  on BOARD GEOMETRY / DXF
  LWPOLYLINE on line number 14028

ERROR: ERROR(SPMHA1-273): Shape intersects with itself.
ERROR: Failed to add (LW)POLYLINE
  on BOARD GEOMETRY / DXF
  LWPOLYLINE on line number 14052
NOTE: Ignoring unsupported element POINT on line 14124.
NOTE: Ignoring unsupported element POINT on line 14140.
NOTE: Ignoring unsupported element POINT on line 14156.

ERROR: ERROR(SPMHA1-273): Shape intersects with itself.
ERROR: Failed to add (LW)POLYLINE
  on BOARD GEOMETRY / DXF
  LWPOLYLINE on line number 14302

ERROR: ERROR(SPMHA1-273): Shape intersects with itself.
ERROR: Failed to add (LW)POLYLINE
  on BOARD GEOMETRY / DXF
  LWPOLYLINE on line number 14326
NOTE: Ignoring unsupported element POINT on line 14398.
NOTE: Ignoring unsupported element POINT on line 14414.
NOTE: Ignoring unsupported element POINT on line 14430.

ERROR: ERROR(SPMHA1-273): Shape intersects with itself.
ERROR: Failed to add (LW)POLYLINE
  on BOARD GEOMETRY / DXF
  LWPOLYLINE on line number 14582

ERROR: ERROR(SPMHA1-273): Shape intersects with itself.
ERROR: Failed to add (LW)POLYLINE
  on BOARD GEOMETRY / DXF
  LWPOLYLINE on line number 14606
NOTE: Ignoring unsupported element POINT on line 14678.
NOTE: Ignoring unsupported element POINT on line 14694.
NOTE: Ignoring unsupported element POINT on line 14710.

ERROR: ERROR(SPMHA1-273): Shape intersects with itself.
ERROR: Failed to add (LW)POLYLINE
  on BOARD GEOMETRY / DXF
  LWPOLYLINE on line number 14862

ERROR: ERROR(SPMHA1-273): Shape intersects with itself.
ERROR: Failed to add (LW)POLYLINE
  on BOARD GEOMETRY / DXF
  LWPOLYLINE on line number 14886
NOTE: Ignoring unsupported element POINT on line 14938.
NOTE: Ignoring unsupported element POINT on line 14954.

ERROR: ERROR(SPMHA1-273): Shape intersects with itself.
ERROR: Failed to add (LW)POLYLINE
  on BOARD GEOMETRY / DXF
  LWPOLYLINE on line number 15072

ERROR: ERROR(SPMHA1-273): Shape intersects with itself.
ERROR: Failed to add (LW)POLYLINE
  on BOARD GEOMETRY / DXF
  LWPOLYLINE on line number 15096

ERROR: ERROR(SPMHA1-273): Shape intersects with itself.
ERROR: Failed to add (LW)POLYLINE
  on BOARD GEOMETRY / DXF
  LWPOLYLINE on line number 15168
NOTE: Ignoring unsupported element POINT on line 15192.
NOTE: Ignoring unsupported element POINT on line 15208.
NOTE: Ignoring unsupported element POINT on line 15224.

ERROR: ERROR(SPMHA1-273): Shape intersects with itself.
ERROR: Failed to add (LW)POLYLINE
  on BOARD GEOMETRY / DXF
  LWPOLYLINE on line number 15376

ERROR: ERROR(SPMHA1-273): Shape intersects with itself.
ERROR: Failed to add (LW)POLYLINE
  on BOARD GEOMETRY / DXF
  LWPOLYLINE on line number 15400
NOTE: Ignoring unsupported element POINT on line 15448.
NOTE: Ignoring unsupported element POINT on line 15464.
NOTE: Ignoring unsupported element MTEXT on line 30514.
NOTE: Ignoring unsupported element HATCH on line 30576.
NOTE: Ignoring unsupported element MTEXT on line 30644.
NOTE: Ignoring unsupported element HATCH on line 30706.
NOTE: Ignoring unsupported element MTEXT on line 30774.
NOTE: Ignoring unsupported element HATCH on line 30836.
NOTE: Ignoring unsupported element MTEXT on line 30904.
NOTE: Ignoring unsupported element HATCH on line 30970.
NOTE: Ignoring unsupported element MTEXT on line 31036.

ERROR: ERROR(SPMHA1-273): Shape intersects with itself.
ERROR: Failed to add (LW)POLYLINE
  on BOARD GEOMETRY / DXF
  LWPOLYLINE on line number 15582

ERROR: ERROR(SPMHA1-273): Shape intersects with itself.
ERROR: Failed to add (LW)POLYLINE
  on BOARD GEOMETRY / DXF
  LWPOLYLINE on line number 15606
NOTE: Ignoring unsupported element POINT on line 15678.
NOTE: Ignoring unsupported element POINT on line 15694.
NOTE: Ignoring unsupported element POINT on line 15710.

ERROR: ERROR(SPMHA1-273): Shape intersects with itself.
ERROR: Failed to add (LW)POLYLINE
  on BOARD GEOMETRY / DXF
  LWPOLYLINE on line number 15862

ERROR: ERROR(SPMHA1-273): Shape intersects with itself.
ERROR: Failed to add (LW)POLYLINE
  on BOARD GEOMETRY / DXF
  LWPOLYLINE on line number 15886
NOTE: Ignoring unsupported element POINT on line 15958.
NOTE: Ignoring unsupported element POINT on line 15974.
NOTE: Ignoring unsupported element POINT on line 15990.

ERROR: ERROR(SPMHA1-273): Shape intersects with itself.
ERROR: Failed to add (LW)POLYLINE
  on BOARD GEOMETRY / DXF
  LWPOLYLINE on line number 16136

ERROR: ERROR(SPMHA1-273): Shape intersects with itself.
ERROR: Failed to add (LW)POLYLINE
  on BOARD GEOMETRY / DXF
  LWPOLYLINE on line number 16160

ERROR: ERROR(SPMHA1-273): Shape intersects with itself.
ERROR: Failed to add (LW)POLYLINE
  on BOARD GEOMETRY / DXF
  LWPOLYLINE on line number 16232
NOTE: Ignoring unsupported element POINT on line 16256.
NOTE: Ignoring unsupported element POINT on line 16272.
NOTE: Ignoring unsupported element POINT on line 16288.

ERROR: ERROR(SPMHA1-273): Shape intersects with itself.
ERROR: Failed to add (LW)POLYLINE
  on BOARD GEOMETRY / DXF
  LWPOLYLINE on line number 16440

ERROR: ERROR(SPMHA1-273): Shape intersects with itself.
ERROR: Failed to add (LW)POLYLINE
  on BOARD GEOMETRY / DXF
  LWPOLYLINE on line number 16464
NOTE: Ignoring unsupported element POINT on line 16536.
NOTE: Ignoring unsupported element POINT on line 16552.
NOTE: Ignoring unsupported element POINT on line 16568.

ERROR: ERROR(SPMHA1-273): Shape intersects with itself.
ERROR: Failed to add (LW)POLYLINE
  on BOARD GEOMETRY / DXF
  LWPOLYLINE on line number 16714

ERROR: ERROR(SPMHA1-273): Shape intersects with itself.
ERROR: Failed to add (LW)POLYLINE
  on BOARD GEOMETRY / DXF
  LWPOLYLINE on line number 16738
NOTE: Ignoring unsupported element POINT on line 16810.
NOTE: Ignoring unsupported element POINT on line 16826.
NOTE: Ignoring unsupported element POINT on line 16842.

ERROR: ERROR(SPMHA1-273): Shape intersects with itself.
ERROR: Failed to add (LW)POLYLINE
  on BOARD GEOMETRY / DXF
  LWPOLYLINE on line number 16988

ERROR: ERROR(SPMHA1-273): Shape intersects with itself.
ERROR: Failed to add (LW)POLYLINE
  on BOARD GEOMETRY / DXF
  LWPOLYLINE on line number 17012

ERROR: ERROR(SPMHA1-273): Shape intersects with itself.
ERROR: Failed to add (LW)POLYLINE
  on BOARD GEOMETRY / DXF
  LWPOLYLINE on line number 17084
NOTE: Ignoring unsupported element POINT on line 17108.
NOTE: Ignoring unsupported element POINT on line 17124.
NOTE: Ignoring unsupported element POINT on line 17140.

ERROR: ERROR(SPMHA1-273): Shape intersects with itself.
ERROR: Failed to add (LW)POLYLINE
  on BOARD GEOMETRY / DXF
  LWPOLYLINE on line number 17292

ERROR: ERROR(SPMHA1-273): Shape intersects with itself.
ERROR: Failed to add (LW)POLYLINE
  on BOARD GEOMETRY / DXF
  LWPOLYLINE on line number 17316

ERROR: ERROR(SPMHA1-273): Shape intersects with itself.
ERROR: Failed to add (LW)POLYLINE
  on BOARD GEOMETRY / DXF
  LWPOLYLINE on line number 17388
NOTE: Ignoring unsupported element POINT on line 17412.
NOTE: Ignoring unsupported element POINT on line 17428.
NOTE: Ignoring unsupported element POINT on line 17444.

ERROR: ERROR(SPMHA1-273): Shape intersects with itself.
ERROR: Failed to add (LW)POLYLINE
  on BOARD GEOMETRY / DXF
  LWPOLYLINE on line number 17596

ERROR: ERROR(SPMHA1-273): Shape intersects with itself.
ERROR: Failed to add (LW)POLYLINE
  on BOARD GEOMETRY / DXF
  LWPOLYLINE on line number 17620
NOTE: Ignoring unsupported element POINT on line 17668.
NOTE: Ignoring unsupported element POINT on line 17684.

ERROR: ERROR(SPMHA1-273): Shape intersects with itself.
ERROR: Failed to add (LW)POLYLINE
  on BOARD GEOMETRY / DXF
  LWPOLYLINE on line number 17802

ERROR: ERROR(SPMHA1-273): Shape intersects with itself.
ERROR: Failed to add (LW)POLYLINE
  on BOARD GEOMETRY / DXF
  LWPOLYLINE on line number 17826

ERROR: ERROR(SPMHA1-273): Shape intersects with itself.
ERROR: Failed to add (LW)POLYLINE
  on BOARD GEOMETRY / DXF
  LWPOLYLINE on line number 17898
NOTE: Ignoring unsupported element POINT on line 17922.
NOTE: Ignoring unsupported element POINT on line 17938.
NOTE: Ignoring unsupported element POINT on line 17954.

ERROR: ERROR(SPMHA1-273): Shape intersects with itself.
ERROR: Failed to add (LW)POLYLINE
  on BOARD GEOMETRY / DXF
  LWPOLYLINE on line number 18100

ERROR: ERROR(SPMHA1-273): Shape intersects with itself.
ERROR: Failed to add (LW)POLYLINE
  on BOARD GEOMETRY / DXF
  LWPOLYLINE on line number 18124

ERROR: ERROR(SPMHA1-273): Shape intersects with itself.
ERROR: Failed to add (LW)POLYLINE
  on BOARD GEOMETRY / DXF
  LWPOLYLINE on line number 18196
NOTE: Ignoring unsupported element POINT on line 18220.
NOTE: Ignoring unsupported element POINT on line 18236.
NOTE: Ignoring unsupported element POINT on line 18252.

ERROR: ERROR(SPMHA1-273): Shape intersects with itself.
ERROR: Failed to add (LW)POLYLINE
  on BOARD GEOMETRY / DXF
  LWPOLYLINE on line number 18446
NOTE: Ignoring unsupported element POINT on line 18470.
NOTE: Ignoring unsupported element POINT on line 18486.
NOTE: Ignoring unsupported element POINT on line 18502.

ERROR: ERROR(SPMHA1-273): Shape intersects with itself.
ERROR: Failed to add (LW)POLYLINE
  on BOARD GEOMETRY / DXF
  LWPOLYLINE on line number 18648

ERROR: ERROR(SPMHA1-273): Shape intersects with itself.
ERROR: Failed to add (LW)POLYLINE
  on BOARD GEOMETRY / DXF
  LWPOLYLINE on line number 18672
NOTE: Ignoring unsupported element POINT on line 18744.
NOTE: Ignoring unsupported element POINT on line 18760.
NOTE: Ignoring unsupported element POINT on line 18776.

ERROR: ERROR(SPMHA1-273): Shape intersects with itself.
ERROR: Failed to add (LW)POLYLINE
  on BOARD GEOMETRY / DXF
  LWPOLYLINE on line number 18922

ERROR: ERROR(SPMHA1-273): Shape intersects with itself.
ERROR: Failed to add (LW)POLYLINE
  on BOARD GEOMETRY / DXF
  LWPOLYLINE on line number 18946

ERROR: ERROR(SPMHA1-273): Shape intersects with itself.
ERROR: Failed to add (LW)POLYLINE
  on BOARD GEOMETRY / DXF
  LWPOLYLINE on line number 19018
NOTE: Ignoring unsupported element POINT on line 19042.
NOTE: Ignoring unsupported element POINT on line 19058.
NOTE: Ignoring unsupported element POINT on line 19074.

ERROR: ERROR(SPMHA1-273): Shape intersects with itself.
ERROR: Failed to add (LW)POLYLINE
  on BOARD GEOMETRY / DXF
  LWPOLYLINE on line number 19220

ERROR: ERROR(SPMHA1-273): Shape intersects with itself.
ERROR: Failed to add (LW)POLYLINE
  on BOARD GEOMETRY / DXF
  LWPOLYLINE on line number 19244

ERROR: ERROR(SPMHA1-273): Shape intersects with itself.
ERROR: Failed to add (LW)POLYLINE
  on BOARD GEOMETRY / DXF
  LWPOLYLINE on line number 19316
NOTE: Ignoring unsupported element POINT on line 19340.
NOTE: Ignoring unsupported element POINT on line 19356.
NOTE: Ignoring unsupported element POINT on line 19372.

ERROR: ERROR(SPMHA1-273): Shape intersects with itself.
ERROR: Failed to add (LW)POLYLINE
  on BOARD GEOMETRY / DXF
  LWPOLYLINE on line number 19524

ERROR: ERROR(SPMHA1-273): Shape intersects with itself.
ERROR: Failed to add (LW)POLYLINE
  on BOARD GEOMETRY / DXF
  LWPOLYLINE on line number 19548

ERROR: ERROR(SPMHA1-273): Shape intersects with itself.
ERROR: Failed to add (LW)POLYLINE
  on BOARD GEOMETRY / DXF
  LWPOLYLINE on line number 19620
NOTE: Ignoring unsupported element POINT on line 19644.
NOTE: Ignoring unsupported element POINT on line 19660.
NOTE: Ignoring unsupported element POINT on line 19676.

ERROR: ERROR(SPMHA1-273): Shape intersects with itself.
ERROR: Failed to add (LW)POLYLINE
  on BOARD GEOMETRY / DXF
  LWPOLYLINE on line number 19828

ERROR: ERROR(SPMHA1-273): Shape intersects with itself.
ERROR: Failed to add (LW)POLYLINE
  on BOARD GEOMETRY / DXF
  LWPOLYLINE on line number 19852
NOTE: Ignoring unsupported element POINT on line 19924.
NOTE: Ignoring unsupported element POINT on line 19940.
NOTE: Ignoring unsupported element POINT on line 19956.

ERROR: ERROR(SPMHA1-273): Shape intersects with itself.
ERROR: Failed to add (LW)POLYLINE
  on BOARD GEOMETRY / DXF
  LWPOLYLINE on line number 20108

ERROR: ERROR(SPMHA1-273): Shape intersects with itself.
ERROR: Failed to add (LW)POLYLINE
  on BOARD GEOMETRY / DXF
  LWPOLYLINE on line number 20132
NOTE: Ignoring unsupported element POINT on line 20204.
NOTE: Ignoring unsupported element POINT on line 20220.
NOTE: Ignoring unsupported element POINT on line 20236.
Layer conversion file: C:/Users/Jessi_10/Desktop/ShowerTerminal_EnclosureDesign_PCB_2D _l.cnv
DXF file: C:/Users/Jessi_10/Desktop/ShowerTerminal_EnclosureDesign_PCB_2D .dxf
BRD file: D:/PKU/SmartPublicBathroom/Project/1_ShowerTerminal/Hardware/2_PCB/#Taaaace50504.tmp
Update existing design?: YES
Use default text?: YES
DXF units: MILLIMETERS
Design units: MILLIMETERS
Design precision: 4
dxf2a complete.
