(---------------------------------------------------------------------)
(                                                                     )
(    QUICKPLACE LOG                                                   )
(                                                                     )
(    Drawing          : SHOWERTERMINAL.brd                            )
(    Software Version : 17.2S079                                      )
(    Date/Time        : Mon May 02 20:03:48 2022                      )
(                                                                     )
(---------------------------------------------------------------------)


State: Placing on layer TOP

         Placed symbol:  U2 / TLV2374ID_SOIC-14_L8_7-W3_9-P1_ / SOIC-14_L8_7-W3_9-P1_27-LS6_0-BL at (6.0526 103.0931)
         Placed symbol:  U3 / WT588F08A-8S_SOP-8_L4_9-W3_9-P1 / SOP-8_L4_9-W3_9-P1_27-LS6_0-BL at (13.7056 102.9199)
         Placed symbol:  U1 / TLV1117LV33DCYR_SOT-223_L6_7-W3 / SOT-223_L6_7-W3_5-P2_30-BR at (20.8616 102.8802)
         Placed symbol:  SW5 / SW PUSHBUTTON-SPST-2_SW-SMD_4_2 / SW-SMD_4P-L5_1-W5_1-P3_70-LS6_5-TL-2 at (29.6173 101.8805)
         Placed symbol:  SW4 / SW PUSHBUTTON-SPST-2_SW-SMD_4_1 / SW-SMD_4P-L5_1-W5_1-P3_70-LS6_5-TL-2 at (38.3241 101.8805)
         Placed symbol:  SW3 / SW PUSHBUTTON-SPST-2_SW-SMD_4P- / SW-SMD_4P-L5_1-W5_1-P3_70-LS6_5-TL-2 at (47.0309 101.8805)
         Placed symbol:  J9 / CON4_HDR-TH_4P-P2_54-V-F_SWD_PO / HDR-TH_4P-P2_54-V-F at (56.9028 100.6003)
         Placed symbol:  Q2 / BPW36/TO_0_SOT-23-3_L2_9-W1_6-P / SOT-23-3_L2_9-W1_6-P1_90-LS2_8-BR at (64.3951 100.8157)
         Placed symbol:  Q1 / BPW36/TO_0_SOT-23-3_L2_9-W1_6-P / SOT-23-3_L2_9-W1_6-P1_90-LS2_8-BR at (68.3418 100.8157)
         Placed symbol:  Q3 / BPW36/TO_0_SOT-23-3_L2_9-W1_6-P / SOT-23-3_L2_9-W1_6-P1_90-LS2_8-BR at (72.2885 100.8157)
         Placed symbol:  C8 / CAP NP_C0805_100N / C0805 at (76.4031 100.1832)
         Placed symbol:  C9 / CAP NP_C0805_100N / C0805 at (81.2432 97.8172)
         Placed symbol:  C12 / CAP NP_C0805_1U / C0805 at (81.2432 95.6544)
         Placed symbol:  C13 / CAP NP_C0805_1U / C0805 at (81.2432 93.4916)
         Placed symbol:  C3 / CAP NP_C0805_1U / C0805 at (81.2432 91.3288)
         Placed symbol:  C4 / CAP NP_C0805_1U / C0805 at (81.2432 89.1660)
         Placed symbol:  C18 / CAP NP_C0805_10U / C0805 at (81.2432 87.0032)
         Placed symbol:  C2 / CAP_C-220U_220U / C-220U at (83.4899 82.3677)
         Placed symbol:  C6 / CAP_C-220U_220U / C-220U at (83.4899 75.2597)
         Placed symbol:  C29 / CAP NP_C0805_20PF / C0805 at (81.2432 70.6244)
         Placed symbol:  C30 / CAP NP_C0805_20PF / C0805 at (81.2432 68.4616)
         Placed symbol:  C5 / CAP NP_C0805_100N / C0805 at (81.2432 66.2988)
         Placed symbol:  C31 / CAP NP_C0805_100N / C0805 at (81.2432 64.1360)
         Placed symbol:  C19 / CAP NP_C0805_100N / C0805 at (81.2432 61.9732)
         Placed symbol:  D1 / LED_1_LED0805-RD_+5V_ON / LED0805-RD at (81.4304 59.7030)
         Placed symbol:  D10 / LED_1_LED0805-RD_ZIGBEE_LINK / LED0805-RD at (81.4304 57.3357)
         Placed symbol:  D11 / LED_1_LED0805-RD_ZIGBEE_CMD / LED0805-RD at (81.4304 54.9684)
         Placed symbol:  D2 / LED_1_LED0805-RD_-5V_ON / LED0805-RD at (81.4304 52.6011)
         Placed symbol:  D4 / DIODE_DO-41_BD2_4-L4_7-P8_70-D0 / DO-41_BD2_4-L4_7-P8_70-D0_6-RD at (84.5551 49.7939)
         Placed symbol:  D5 / DIODE_DO-41_BD2_4-L4_7-P8_70-D0 / DO-41_BD2_4-L4_7-P8_70-D0_6-RD at (84.5551 46.5367)
         Placed symbol:  D6 / DIODE_DO-41_BD2_4-L4_7-P8_70-D0 / DO-41_BD2_4-L4_7-P8_70-D0_6-RD at (84.5551 43.2795)
         Placed symbol:  D8 / DIODE_DO-41_BD2_4-L4_7-P8_70-D0 / DO-41_BD2_4-L4_7-P8_70-D0_6-RD at (84.5551 40.0223)
         Placed symbol:  D9 / LED_1_LED0805-RD_SPEAKER_ON / LED0805-RD at (81.4304 37.2050)
         Placed symbol:  J8 / CON2_HDR-TH_2P-P2_54-V-F_SPEAKE / HDR-TH_2P-P2_54-V-F at (82.2104 34.3978)
         Placed symbol:  C17 / CAP NP_C0805_100N / C0805 at (81.2432 31.6980)
         Placed symbol:  C33 / CAP NP_C0805_15PF / C0805 at (81.2432 29.5352)
         Placed symbol:  C32 / CAP NP_C0805_15PF / C0805 at (81.2432 27.3724)
         Placed symbol:  C7 / CAP NP_C0805_47U / C0805 at (81.2432 25.2096)
         Placed symbol:  R1 / RESISTOR_R0805_0 / R0805 at (81.0407 23.0334)
         Placed symbol:  R38 / RESISTOR_R0805_0 / R0805 at (81.0407 20.8437)
         Placed symbol:  C11 / CAP NP_C0805_100N / C0805 at (81.2432 18.6674)
         Placed symbol:  C10 / CAP NP_C0805_100N / C0805 at (81.2432 16.5046)
         Placed symbol:  R40 / RESISTOR_R0805_0 / R0805 at (81.0407 14.3284)
         Placed symbol:  R11 / RESISTOR_R0805_100 / R0805 at (81.0407 12.1387)
         Placed symbol:  R7 / RESISTOR_R0805_100 / R0805 at (81.0407 9.9490)
         Placed symbol:  R9 / RESISTOR_R0805_100 / R0805 at (81.0407 7.7593)
         Placed symbol:  R12 / RESISTOR_R0805_100K / R0805 at (81.0407 5.5696)
         Placed symbol:  R37 / RESISTOR_R0805_100K / R0805 at (81.0407 3.3799)
         Placed symbol:  R13 / RESISTOR_R0805_3.9K / R0805 at (3.0406 -0.1963)
         Placed symbol:  R14 / RESISTOR_R0805_10K / R0805 at (6.9184 -0.1963)
         Placed symbol:  R15 / RESISTOR_R0805_10K / R0805 at (10.7962 -0.1963)
         Placed symbol:  R17 / RESISTOR_R0805_10K / R0805 at (14.6740 -0.1963)
         Placed symbol:  R23 / RESISTOR_R0805_10K / R0805 at (18.5518 -0.1963)
         Placed symbol:  R24 / RESISTOR_R0805_10K / R0805 at (22.4296 -0.1963)
         Placed symbol:  R31 / RESISTOR_R0805_10K / R0805 at (26.3074 -0.1963)
         Placed symbol:  R34 / RESISTOR_R0805_10K / R0805 at (30.1852 -0.1963)
         Placed symbol:  R16 / RESISTOR_R0805_620 / R0805 at (34.0630 -0.1963)
         Placed symbol:  R22 / RESISTOR_R0805_620 / R0805 at (37.9408 -0.1963)
         Placed symbol:  R18 / RESISTOR_R0805_91K / R0805 at (41.8186 -0.1963)
         Placed symbol:  R19 / RESISTOR_R0805_27K / R0805 at (45.6964 -0.1963)
         Placed symbol:  R2 / RESISTOR_R0805_1K / R0805 at (49.5742 -0.1963)
         Placed symbol:  R25 / RESISTOR_R0805_1K / R0805 at (53.4520 -0.1963)
         Placed symbol:  R28 / RESISTOR_R0805_1K / R0805 at (57.3298 -0.1963)
         Placed symbol:  R29 / RESISTOR_R0805_1K / R0805 at (61.2076 -0.1963)
         Placed symbol:  R3 / RESISTOR_R0805_1K / R0805 at (65.0854 -0.1963)
         Placed symbol:  R32 / RESISTOR_R0805_1K / R0805 at (68.9632 -0.1963)
         Placed symbol:  R33 / RESISTOR_R0805_1K / R0805 at (72.8410 -0.1963)
         Placed symbol:  R4 / RESISTOR_R0805_1K / R0805 at (76.7188 -0.1963)
         Placed symbol:  R5 / RESISTOR_R0805_1K / R0805 at (-1.0404 97.8038)
         Placed symbol:  R20 / RESISTOR_R0805_330K / R0805 at (-1.0404 95.6141)
         Placed symbol:  R21 / RESISTOR_R0805_9.1K / R0805 at (-1.0404 93.4244)
         Placed symbol:  R26 / RESISTOR_R0805_8.2K / R0805 at (-1.0404 91.2347)
         Placed symbol:  R27 / RESISTOR_R0805_51K / R0805 at (-1.0404 89.0450)
         Placed symbol:  R30 / RESISTOR_R0805_330 / R0805 at (-1.0404 86.8553)
         Placed symbol:  R39 / RESISTOR_R0805_220 / R0805 at (-1.0404 84.6656)
         Placed symbol:  R6 / RESISTOR_R0805_220 / R0805 at (-1.0404 82.4759)
         Placed symbol:  R8 / RESISTOR_R0805_11K / R0805 at (-1.0404 80.2862)
         Placed symbol:  C16 / CAP NP_C0805_100N / C0805 at (-1.2428 78.1099)
         Placed symbol:  C15 / CAP NP_C0805_100N / C0805 at (-1.2428 75.9471)
         Placed symbol:  C14 / CAP NP_C0805_100N / C0805 at (-1.2428 73.7843)
         Placed symbol:  R41 / RESISTOR_R0805_0 / R0805 at (-1.0404 71.6081)
         Placed symbol:  C1 / CAP NP_C0805_100N / C0805 at (-1.2428 69.4318)
         Placed symbol:  R10 / RESISTOR_R0805_100 / R0805 at (-1.0404 67.2556)
         Placed symbol:  Y1 / CRYSTAL_OSC-TH_L11_1-W4_7-P4_88 / OSC-TH_L11_1-W4_7-P4_88 at (-4.9309 63.5787)
         Placed symbol:  Y2 / CRYSTAL_OSC-TH_BD3_0-P1_10-D0_4 / OSC-TH_BD3_0-P1_10-D0_4 at (-0.8303 59.2691)


Placed 85 of 85 applicable (85 total) symbols.

-----------------------------------------------------------------------

