
---------------------------------------------------------------------------
BOARD: D:/PKU/SmartPublicBathroom/Project/1_ShowerTerminal/Hardware/2_PCB/SHOWERTERMINAL.brd ROUTER: 17.2
DATE: Tue May 03 21:55:45 2022        HOST: LAPTOP-M2SH2ORP
---------------------------------------------------------------------------
Cnt St-ex Router      Att  Inv Miss Com% Drcs Vias   Etch  Cpu exec  Cpu Tot
--------- ------    ----- ---- ---- ---- ---- ---- ------  -------- --------
  Start    ----       247    0    0 100%    0  105   132.0  0:01:21  0:01:21

---------------------------------------------------------------------------
BOARD: D:/PKU/SmartPublicBathroom/Project/1_ShowerTerminal/Hardware/2_PCB/SHOWERTERMINAL.brd ROUTER: 17.2
DATE: Tue May 03 21:55:45 2022        HOST: LAPTOP-M2SH2ORP
---------------------------------------------------------------------------
Cnt St-ex Router      Att  Inv Miss Com% Drcs Vias   Etch  Cpu exec  Cpu Tot
--------- ------    ----- ---- ---- ---- ---- ---- ------  -------- --------
  Start    ----       247    0    0 100%    0  105   132.0  0:01:21  0:01:21

---------------------------------------------------------------------------
BOARD: D:/PKU/SmartPublicBathroom/Project/1_ShowerTerminal/Hardware/2_PCB/SHOWERTERMINAL.brd ROUTER: 17.2
DATE: Tue May 03 21:55:46 2022        HOST: LAPTOP-M2SH2ORP
---------------------------------------------------------------------------
Cnt St-ex Router      Att  Inv Miss Com% Drcs Vias   Etch  Cpu exec  Cpu Tot
--------- ------    ----- ---- ---- ---- ---- ---- ------  -------- --------
  Start    ----       247    0    0 100%    0  105   128.0  0:01:22  0:01:22

---------------------------------------------------------------------------
BOARD: D:/PKU/SmartPublicBathroom/Project/1_ShowerTerminal/Hardware/2_PCB/SHOWERTERMINAL.brd ROUTER: 17.2
DATE: Tue May 03 22:13:40 2022        HOST: LAPTOP-M2SH2ORP
---------------------------------------------------------------------------
Cnt St-ex Router      Att  Inv Miss Com% Drcs Vias   Etch  Cpu exec  Cpu Tot
--------- ------    ----- ---- ---- ---- ---- ---- ------  -------- --------
  Start    ----       247    0    0 100%    0  107   131.0  0:02:46  0:02:46

---------------------------------------------------------------------------
BOARD: D:/PKU/SmartPublicBathroom/Project/1_ShowerTerminal/Hardware/2_PCB/SHOWERTERMINAL.brd ROUTER: 17.2
DATE: Tue May 03 22:13:40 2022        HOST: LAPTOP-M2SH2ORP
---------------------------------------------------------------------------
Cnt St-ex Router      Att  Inv Miss Com% Drcs Vias   Etch  Cpu exec  Cpu Tot
--------- ------    ----- ---- ---- ---- ---- ---- ------  -------- --------
  Start    ----       247    0    0 100%    0  106   131.0  0:02:47  0:02:47

---------------------------------------------------------------------------
BOARD: D:/PKU/SmartPublicBathroom/Project/1_ShowerTerminal/Hardware/2_PCB/SHOWERTERMINAL.brd ROUTER: 17.2
DATE: Tue May 03 22:13:41 2022        HOST: LAPTOP-M2SH2ORP
---------------------------------------------------------------------------
Cnt St-ex Router      Att  Inv Miss Com% Drcs Vias   Etch  Cpu exec  Cpu Tot
--------- ------    ----- ---- ---- ---- ---- ---- ------  -------- --------
  Start    ----       247    0    0 100%    0  106   128.0  0:02:47  0:02:47
