
---------------------------------------------------------------------------
BOARD: D:/PKU/SmartPublicBathroom/Project/2_ShowerHost/Hardware/2_PCB/SHOWERHOST.brd ROUTER: 17.2
DATE: Tue May 03 22:30:34 2022        HOST: LAPTOP-M2SH2ORP
---------------------------------------------------------------------------
Cnt St-ex Router      Att  Inv Miss Com% Drcs Vias   Etch  Cpu exec  Cpu Tot
--------- ------    ----- ---- ---- ---- ---- ---- ------  -------- --------
  Start    ----       247    1    0  99%    0   74   124.0  0:00:21  0:00:21

---------------------------------------------------------------------------
BOARD: D:/PKU/SmartPublicBathroom/Project/2_ShowerHost/Hardware/2_PCB/SHOWERHOST.brd ROUTER: 17.2
DATE: Tue May 03 22:30:34 2022        HOST: LAPTOP-M2SH2ORP
---------------------------------------------------------------------------
Cnt St-ex Router      Att  Inv Miss Com% Drcs Vias   Etch  Cpu exec  Cpu Tot
--------- ------    ----- ---- ---- ---- ---- ---- ------  -------- --------
  Start    ----       247    1    0  99%    0   74   120.0  0:00:21  0:00:21

---------------------------------------------------------------------------
BOARD: D:/PKU/SmartPublicBathroom/Project/2_ShowerHost/Hardware/2_PCB/SHOWERHOST.brd ROUTER: 17.2
DATE: Tue May 03 22:30:34 2022        HOST: LAPTOP-M2SH2ORP
---------------------------------------------------------------------------
Cnt St-ex Router      Att  Inv Miss Com% Drcs Vias   Etch  Cpu exec  Cpu Tot
--------- ------    ----- ---- ---- ---- ---- ---- ------  -------- --------
  Start    ----       247    1    0  99%    0   74   120.0  0:00:21  0:00:21

---------------------------------------------------------------------------
BOARD: D:/PKU/SmartPublicBathroom/Project/2_ShowerHost/Hardware/2_PCB/SHOWERHOST.brd ROUTER: 17.2
DATE: Tue May 03 23:27:33 2022        HOST: LAPTOP-M2SH2ORP
---------------------------------------------------------------------------
Cnt St-ex Router      Att  Inv Miss Com% Drcs Vias   Etch  Cpu exec  Cpu Tot
--------- ------    ----- ---- ---- ---- ---- ---- ------  -------- --------
  Start    ----       247    0    0 100%    0   74   120.0  0:01:08  0:01:08

---------------------------------------------------------------------------
BOARD: D:/PKU/SmartPublicBathroom/Project/2_ShowerHost/Hardware/2_PCB/SHOWERHOST.brd ROUTER: 17.2
DATE: Tue May 03 23:27:33 2022        HOST: LAPTOP-M2SH2ORP
---------------------------------------------------------------------------
Cnt St-ex Router      Att  Inv Miss Com% Drcs Vias   Etch  Cpu exec  Cpu Tot
--------- ------    ----- ---- ---- ---- ---- ---- ------  -------- --------
  Start    ----       247    0    0 100%    0   74   120.0  0:01:08  0:01:08

---------------------------------------------------------------------------
BOARD: D:/PKU/SmartPublicBathroom/Project/2_ShowerHost/Hardware/2_PCB/SHOWERHOST.brd ROUTER: 17.2
DATE: Tue May 03 23:27:33 2022        HOST: LAPTOP-M2SH2ORP
---------------------------------------------------------------------------
Cnt St-ex Router      Att  Inv Miss Com% Drcs Vias   Etch  Cpu exec  Cpu Tot
--------- ------    ----- ---- ---- ---- ---- ---- ------  -------- --------
  Start    ----       247    0    0 100%    0   74   118.0  0:01:08  0:01:08

---------------------------------------------------------------------------
BOARD: D:/PKU/SmartPublicBathroom/Project/2_ShowerHost/Hardware/2_PCB/SHOWERHOST.brd ROUTER: 17.2
DATE: Tue May 03 23:28:11 2022        HOST: LAPTOP-M2SH2ORP
---------------------------------------------------------------------------
Cnt St-ex Router      Att  Inv Miss Com% Drcs Vias   Etch  Cpu exec  Cpu Tot
--------- ------    ----- ---- ---- ---- ---- ---- ------  -------- --------
  Start    ----       247    0    0 100%    0   74   120.0  0:01:15  0:01:15

---------------------------------------------------------------------------
BOARD: D:/PKU/SmartPublicBathroom/Project/2_ShowerHost/Hardware/2_PCB/SHOWERHOST.brd ROUTER: 17.2
DATE: Tue May 03 23:28:11 2022        HOST: LAPTOP-M2SH2ORP
---------------------------------------------------------------------------
Cnt St-ex Router      Att  Inv Miss Com% Drcs Vias   Etch  Cpu exec  Cpu Tot
--------- ------    ----- ---- ---- ---- ---- ---- ------  -------- --------
  Start    ----       247    0    0 100%    0   74   120.0  0:01:15  0:01:15

---------------------------------------------------------------------------
BOARD: D:/PKU/SmartPublicBathroom/Project/2_ShowerHost/Hardware/2_PCB/SHOWERHOST.brd ROUTER: 17.2
DATE: Tue May 03 23:28:11 2022        HOST: LAPTOP-M2SH2ORP
---------------------------------------------------------------------------
Cnt St-ex Router      Att  Inv Miss Com% Drcs Vias   Etch  Cpu exec  Cpu Tot
--------- ------    ----- ---- ---- ---- ---- ---- ------  -------- --------
  Start    ----       247    0    0 100%    0   74   118.0  0:01:15  0:01:15

---------------------------------------------------------------------------
BOARD: D:/PKU/SmartPublicBathroom/Project/2_ShowerHost/Hardware/2_PCB/SHOWERHOST.brd ROUTER: 17.2
DATE: Tue May 03 23:57:07 2022        HOST: LAPTOP-M2SH2ORP
---------------------------------------------------------------------------
Cnt St-ex Router      Att  Inv Miss Com% Drcs Vias   Etch  Cpu exec  Cpu Tot
--------- ------    ----- ---- ---- ---- ---- ---- ------  -------- --------
  Start    ----       247    0    0 100%    0   77   121.0  0:06:53  0:06:53

---------------------------------------------------------------------------
BOARD: D:/PKU/SmartPublicBathroom/Project/2_ShowerHost/Hardware/2_PCB/SHOWERHOST.brd ROUTER: 17.2
DATE: Tue May 03 23:57:07 2022        HOST: LAPTOP-M2SH2ORP
---------------------------------------------------------------------------
Cnt St-ex Router      Att  Inv Miss Com% Drcs Vias   Etch  Cpu exec  Cpu Tot
--------- ------    ----- ---- ---- ---- ---- ---- ------  -------- --------
  Start    ----       247    0    0 100%    0   77   121.0  0:06:53  0:06:53

---------------------------------------------------------------------------
BOARD: D:/PKU/SmartPublicBathroom/Project/2_ShowerHost/Hardware/2_PCB/SHOWERHOST.brd ROUTER: 17.2
DATE: Tue May 03 23:57:07 2022        HOST: LAPTOP-M2SH2ORP
---------------------------------------------------------------------------
Cnt St-ex Router      Att  Inv Miss Com% Drcs Vias   Etch  Cpu exec  Cpu Tot
--------- ------    ----- ---- ---- ---- ---- ---- ------  -------- --------
  Start    ----       247    0    0 100%    0   77   117.0  0:06:53  0:06:53

---------------------------------------------------------------------------
BOARD: D:/PKU/SmartPublicBathroom/Project/2_ShowerHost/Hardware/2_PCB/SHOWERHOST.brd ROUTER: 17.2
DATE: Wed May 04 00:04:05 2022        HOST: LAPTOP-M2SH2ORP
---------------------------------------------------------------------------
Cnt St-ex Router      Att  Inv Miss Com% Drcs Vias   Etch  Cpu exec  Cpu Tot
--------- ------    ----- ---- ---- ---- ---- ---- ------  -------- --------
  Start    ----       247    1    1  99%    0   79   118.0  0:08:17  0:08:17

---------------------------------------------------------------------------
BOARD: D:/PKU/SmartPublicBathroom/Project/2_ShowerHost/Hardware/2_PCB/SHOWERHOST.brd ROUTER: 17.2
DATE: Wed May 04 00:04:06 2022        HOST: LAPTOP-M2SH2ORP
---------------------------------------------------------------------------
Cnt St-ex Router      Att  Inv Miss Com% Drcs Vias   Etch  Cpu exec  Cpu Tot
--------- ------    ----- ---- ---- ---- ---- ---- ------  -------- --------
  Start    ----       247    1    1  99%    0   79   118.0  0:08:17  0:08:17

---------------------------------------------------------------------------
BOARD: D:/PKU/SmartPublicBathroom/Project/2_ShowerHost/Hardware/2_PCB/SHOWERHOST.brd ROUTER: 17.2
DATE: Wed May 04 00:04:06 2022        HOST: LAPTOP-M2SH2ORP
---------------------------------------------------------------------------
Cnt St-ex Router      Att  Inv Miss Com% Drcs Vias   Etch  Cpu exec  Cpu Tot
--------- ------    ----- ---- ---- ---- ---- ---- ------  -------- --------
  Start    ----       247    1    1  99%    0   79   116.0  0:08:17  0:08:17

---------------------------------------------------------------------------
BOARD: D:/PKU/SmartPublicBathroom/Project/2_ShowerHost/Hardware/2_PCB/SHOWERHOST.brd ROUTER: 17.2
DATE: Wed May 04 00:06:01 2022        HOST: LAPTOP-M2SH2ORP
---------------------------------------------------------------------------
Cnt St-ex Router      Att  Inv Miss Com% Drcs Vias   Etch  Cpu exec  Cpu Tot
--------- ------    ----- ---- ---- ---- ---- ---- ------  -------- --------
  Start    ----       247    0    0 100%    0   79   118.0  0:08:37  0:08:37

---------------------------------------------------------------------------
BOARD: D:/PKU/SmartPublicBathroom/Project/2_ShowerHost/Hardware/2_PCB/SHOWERHOST.brd ROUTER: 17.2
DATE: Wed May 04 00:06:01 2022        HOST: LAPTOP-M2SH2ORP
---------------------------------------------------------------------------
Cnt St-ex Router      Att  Inv Miss Com% Drcs Vias   Etch  Cpu exec  Cpu Tot
--------- ------    ----- ---- ---- ---- ---- ---- ------  -------- --------
  Start    ----       247    0    0 100%    0   79   118.0  0:08:37  0:08:37

---------------------------------------------------------------------------
BOARD: D:/PKU/SmartPublicBathroom/Project/2_ShowerHost/Hardware/2_PCB/SHOWERHOST.brd ROUTER: 17.2
DATE: Wed May 04 00:06:01 2022        HOST: LAPTOP-M2SH2ORP
---------------------------------------------------------------------------
Cnt St-ex Router      Att  Inv Miss Com% Drcs Vias   Etch  Cpu exec  Cpu Tot
--------- ------    ----- ---- ---- ---- ---- ---- ------  -------- --------
  Start    ----       247    0    0 100%    0   79   117.0  0:08:37  0:08:37
